Using pre-set license
Built from '2020.3/staging' branch; Version is '2020.3.37f1 (8c66806a0c04) revision 9201280'; Using compiler version '192528614'; Build Type 'Release'
OS: 'Windows 10  (10.0.19044) 64bit Core' Language: 'ko' Physical Memory: 32609 MB
BatchMode: 1, IsHumanControllingUs: 0, StartBugReporterOnCrash: 0, Is64bit: 1, IsPro: 0

COMMAND LINE ARGUMENTS:
C:\Program Files\Unity\Hub\Editor\2020.3.37f1\Editor\Unity.exe
-adb2
-batchMode
-noUpm
-name
AssetImportWorker0
-projectPath
D:/Unity/Team project
-logFile
Logs/AssetImportWorker0.log
-srvPort
64798
Successfully changed project path to: D:/Unity/Team project
D:/Unity/Team project
Using Asset Import Pipeline V2.
Refreshing native plugins compatible for Editor in 39.22 ms, found 2 plugins.
Preloading 0 native plugins for Editor in 0.00 ms.
Initialize engine version: 2020.3.37f1 (8c66806a0c04)
[Subsystems] Discovering subsystems at path C:/Program Files/Unity/Hub/Editor/2020.3.37f1/Editor/Data/Resources/UnitySubsystems
[Subsystems] Discovering subsystems at path D:/Unity/Team project/Assets
GfxDevice: creating device client; threaded=0
Direct3D:
    Version:  Direct3D 11.0 [level 11.1]
    Renderer: NVIDIA GeForce RTX 3060 (ID=0x2504)
    Vendor:   
    VRAM:     12142 MB
    Driver:   30.0.15.1296
Initialize mono
Mono path[0] = 'C:/Program Files/Unity/Hub/Editor/2020.3.37f1/Editor/Data/Managed'
Mono path[1] = 'C:/Program Files/Unity/Hub/Editor/2020.3.37f1/Editor/Data/MonoBleedingEdge/lib/mono/unityjit'
Mono config path = 'C:/Program Files/Unity/Hub/Editor/2020.3.37f1/Editor/Data/MonoBleedingEdge/etc'
Using monoOptions --debugger-agent=transport=dt_socket,embedding=1,server=y,suspend=n,address=127.0.0.1:56940
Begin MonoManager ReloadAssembly
Registering precompiled unity dll's ...
Register platform support module: C:/Program Files/Unity/Hub/Editor/2020.3.37f1/Editor/Data/PlaybackEngines/WindowsStandaloneSupport/UnityEditor.WindowsStandalone.Extensions.dll
Registered in 0.002008 seconds.
Native extension for WindowsStandalone target not found
Refreshing native plugins compatible for Editor in 39.61 ms, found 2 plugins.
Preloading 0 native plugins for Editor in 0.00 ms.
Mono: successfully reloaded assembly
- Completed reload, in  0.518 seconds
Domain Reload Profiling:
	ReloadAssembly (519ms)
		BeginReloadAssembly (36ms)
			ExecutionOrderSort (0ms)
			DisableScriptedObjects (0ms)
			BackupInstance (0ms)
			ReleaseScriptingObjects (0ms)
			CreateAndSetChildDomain (0ms)
		EndReloadAssembly (416ms)
			LoadAssemblies (35ms)
			RebuildTransferFunctionScriptingTraits (0ms)
			SetupTypeCache (130ms)
			ReleaseScriptCaches (0ms)
			RebuildScriptCaches (28ms)
			SetupLoadedEditorAssemblies (161ms)
				LogAssemblyErrors (0ms)
				InitializePlatformSupportModulesInManaged (4ms)
				SetLoadedEditorAssemblies (0ms)
				RefreshPlugins (40ms)
				BeforeProcessingInitializeOnLoad (8ms)
				ProcessInitializeOnLoadAttributes (79ms)
				ProcessInitializeOnLoadMethodAttributes (29ms)
				AfterProcessingInitializeOnLoad (0ms)
				EditorAssembliesLoaded (0ms)
			ExecutionOrderSort2 (0ms)
			AwakeInstancesAfterBackupRestoration (0ms)
Platform modules already initialized, skipping
Registering precompiled user dll's ...
Registered in 0.001621 seconds.
Begin MonoManager ReloadAssembly
Native extension for WindowsStandalone target not found
Refreshing native plugins compatible for Editor in 0.42 ms, found 2 plugins.
Preloading 0 native plugins for Editor in 0.00 ms.
Mono: successfully reloaded assembly
- Completed reload, in  0.895 seconds
Domain Reload Profiling:
	ReloadAssembly (896ms)
		BeginReloadAssembly (136ms)
			ExecutionOrderSort (0ms)
			DisableScriptedObjects (5ms)
			BackupInstance (0ms)
			ReleaseScriptingObjects (0ms)
			CreateAndSetChildDomain (15ms)
		EndReloadAssembly (703ms)
			LoadAssemblies (88ms)
			RebuildTransferFunctionScriptingTraits (0ms)
			SetupTypeCache (235ms)
			ReleaseScriptCaches (0ms)
			RebuildScriptCaches (38ms)
			SetupLoadedEditorAssemblies (276ms)
				LogAssemblyErrors (0ms)
				InitializePlatformSupportModulesInManaged (4ms)
				SetLoadedEditorAssemblies (0ms)
				RefreshPlugins (0ms)
				BeforeProcessingInitializeOnLoad (51ms)
				ProcessInitializeOnLoadAttributes (201ms)
				ProcessInitializeOnLoadMethodAttributes (13ms)
				AfterProcessingInitializeOnLoad (6ms)
				EditorAssembliesLoaded (0ms)
			ExecutionOrderSort2 (0ms)
			AwakeInstancesAfterBackupRestoration (2ms)
Platform modules already initialized, skipping
========================================================================
Worker process is ready to serve import requests
Launched and connected shader compiler UnityShaderCompiler.exe after 0.03 seconds
Refreshing native plugins compatible for Editor in 0.29 ms, found 2 plugins.
Preloading 0 native plugins for Editor in 0.00 ms.
Unloading 1521 Unused Serialized files (Serialized files now loaded: 0)
System memory in use before: 71.4 MB.
System memory in use after: 71.5 MB.

Unloading 16 unused Assets to reduce memory usage. Loaded Objects now: 1959.
Total: 1.701900 ms (FindLiveObjects: 0.076300 ms CreateObjectMapping: 0.027200 ms MarkObjects: 1.551400 ms  DeleteObjects: 0.045800 ms)

AssetImportParameters requested are different than current active one (requested -> active):
  custom:framework-win-MediaFoundation: 216162199b28c13a410421893ffa2e32 -> 
  custom:video-decoder-ogg-theora: a1e56fd34408186e4bbccfd4996cb3dc -> 
  custom:container-muxer-webm: aa71ff27fc2769a1b78a27578f13a17b -> 
  custom:container-demuxer-webm: 4f35f7cbe854078d1ac9338744f61a02 -> 
  custom:container-demuxer-ogg: 62fdf1f143b41e24485cea50d1cbac27 -> 
  custom:video-encoder-webm-vp8: eb34c28f22e8b96e1ab97ce403110664 -> 
  custom:video-decoder-webm-vp8: 9c59270c3fd7afecdb556c50c9e8de78 -> 
  custom:audio-decoder-ogg-vorbis: bf7c407c2cedff20999df2af8eb42d56 -> 
  custom:audio-encoder-webm-vorbis: bf7c407c2cedff20999df2af8eb42d56 -> 
========================================================================
Received Import Request.
  path: Assets/Used Assets/MapAssets/Abandoned_Asylum/Models/WheelChair.fbx
  artifactKey: Guid(3db535f25818f4c439d2f29837353c6a) Importer(815301076,1909f56bfc062723c751e8b465ee728b)
Start importing Assets/Used Assets/MapAssets/Abandoned_Asylum/Models/WheelChair.fbx using Guid(3db535f25818f4c439d2f29837353c6a) Importer(815301076,1909f56bfc062723c751e8b465ee728b)  -> (artifact id: '73ecae016d2e8f0d2c8317f26877e448') in 0.395966 seconds 
========================================================================
Received Import Request.
  Time since last request: 0.000174 seconds.
  path: Assets/Used Assets/MapAssets/Abandoned_Asylum/Models/Window_Barrier.fbx
  artifactKey: Guid(5cd08d497131721428a1e81f21feb358) Importer(815301076,1909f56bfc062723c751e8b465ee728b)
Start importing Assets/Used Assets/MapAssets/Abandoned_Asylum/Models/Window_Barrier.fbx using Guid(5cd08d497131721428a1e81f21feb358) Importer(815301076,1909f56bfc062723c751e8b465ee728b)  -> (artifact id: '2994e9d3855cc15ba281cfff2fa8fd94') in 0.172624 seconds 
========================================================================
Received Import Request.
  Time since last request: 0.000155 seconds.
  path: Assets/Used Assets/MapAssets/Abandoned_Asylum/Models/Window_DayRoom.fbx
  artifactKey: Guid(ed20d9817f1c154459d5001260cf5125) Importer(815301076,1909f56bfc062723c751e8b465ee728b)
Start importing Assets/Used Assets/MapAssets/Abandoned_Asylum/Models/Window_DayRoom.fbx using Guid(ed20d9817f1c154459d5001260cf5125) Importer(815301076,1909f56bfc062723c751e8b465ee728b)  -> (artifact id: 'fc415cadb4a37c2111ab435659721044') in 0.131297 seconds 
========================================================================
Received Import Request.
  Time since last request: 0.000199 seconds.
  path: Assets/Used Assets/MapAssets/Abandoned_Asylum/Models/Window.fbx
  artifactKey: Guid(4fb7b6ad085a0174dae2078cd871bbd5) Importer(815301076,1909f56bfc062723c751e8b465ee728b)
Start importing Assets/Used Assets/MapAssets/Abandoned_Asylum/Models/Window.fbx using Guid(4fb7b6ad085a0174dae2078cd871bbd5) Importer(815301076,1909f56bfc062723c751e8b465ee728b)  -> (artifact id: '94f4d5a76e6a43f64f7414a35a51eb37') in 0.105571 seconds 
========================================================================
Received Import Request.
  Time since last request: 0.000191 seconds.
  path: Assets/Used Assets/MapAssets/Abandoned_Asylum/Models/WindowToilet.fbx
  artifactKey: Guid(22c02a259a6dd3c4a8910d86064aa321) Importer(815301076,1909f56bfc062723c751e8b465ee728b)
Start importing Assets/Used Assets/MapAssets/Abandoned_Asylum/Models/WindowToilet.fbx using Guid(22c02a259a6dd3c4a8910d86064aa321) Importer(815301076,1909f56bfc062723c751e8b465ee728b)  -> (artifact id: 'fa5534db45f9d86b9d9d0c88469ad8c7') in 0.090878 seconds 
========================================================================
Received Import Request.
  Time since last request: 0.000186 seconds.
  path: Assets/Used Assets/MapAssets/Abandoned_Asylum/Models/WindowHall.fbx
  artifactKey: Guid(a0407e065f24f1c4fbac78cadc38a11f) Importer(815301076,1909f56bfc062723c751e8b465ee728b)
Start importing Assets/Used Assets/MapAssets/Abandoned_Asylum/Models/WindowHall.fbx using Guid(a0407e065f24f1c4fbac78cadc38a11f) Importer(815301076,1909f56bfc062723c751e8b465ee728b)  -> (artifact id: '6b07ef36d79660b4f9b6250939a5a79e') in 0.166229 seconds 
========================================================================
Received Import Request.
  Time since last request: 0.000153 seconds.
  path: Assets/Used Assets/MapAssets/Abandoned_Asylum/Models/TV_Retro.fbx
  artifactKey: Guid(acefbd5184cbbca49b430b32c444ccee) Importer(815301076,1909f56bfc062723c751e8b465ee728b)
Start importing Assets/Used Assets/MapAssets/Abandoned_Asylum/Models/TV_Retro.fbx using Guid(acefbd5184cbbca49b430b32c444ccee) Importer(815301076,1909f56bfc062723c751e8b465ee728b)  -> (artifact id: '55660b4caa4df8b531d6d8c19b473010') in 0.181380 seconds 
========================================================================
Received Import Request.
  Time since last request: 1737.335657 seconds.
  path: Assets/Scenes/2F.unity
  artifactKey: Guid(4cdabafcd5f9a684abe9c7e2670766e9) Importer(815301076,1909f56bfc062723c751e8b465ee728b)
Start importing Assets/Scenes/2F.unity using Guid(4cdabafcd5f9a684abe9c7e2670766e9) Importer(815301076,1909f56bfc062723c751e8b465ee728b)  -> (artifact id: 'debad1f2ba3ceb1c9e3c6a790306c9e9') in 0.005116 seconds 
AssetImportWorkerClient::OnTransportError - code=2 error=End of file
